c:\users\oriol\onedrive\documentos\documents uni\zork\release\vc142.pdb
c:\users\oriol\onedrive\documentos\documents uni\zork\release\zork.obj
c:\users\oriol\onedrive\documentos\documents uni\zork\release\world.obj
c:\users\oriol\onedrive\documentos\documents uni\zork\release\room.obj
c:\users\oriol\onedrive\documentos\documents uni\zork\release\player.obj
c:\users\oriol\onedrive\documentos\documents uni\zork\release\item.obj
c:\users\oriol\onedrive\documentos\documents uni\zork\release\globals.obj
c:\users\oriol\onedrive\documentos\documents uni\zork\release\exit_dir.obj
c:\users\oriol\onedrive\documentos\documents uni\zork\release\entity.obj
c:\users\oriol\onedrive\documentos\documents uni\zork\release\creature.obj
c:\users\oriol\onedrive\documentos\documents uni\zork\release\action.obj
c:\users\oriol\onedrive\documentos\documents uni\zork\release\zork.exe
c:\users\oriol\onedrive\documentos\documents uni\zork\release\zork.pdb
c:\users\oriol\onedrive\documentos\documents uni\zork\release\zork.ipdb
c:\users\oriol\onedrive\documentos\documents uni\zork\release\zork.iobj
c:\users\oriol\onedrive\documentos\documents uni\zork\release\zork.tlog\cl.command.1.tlog
c:\users\oriol\onedrive\documentos\documents uni\zork\release\zork.tlog\cl.read.1.tlog
c:\users\oriol\onedrive\documentos\documents uni\zork\release\zork.tlog\cl.write.1.tlog
c:\users\oriol\onedrive\documentos\documents uni\zork\release\zork.tlog\link.command.1.tlog
c:\users\oriol\onedrive\documentos\documents uni\zork\release\zork.tlog\link.read.1.tlog
c:\users\oriol\onedrive\documentos\documents uni\zork\release\zork.tlog\link.write.1.tlog
c:\users\oriol\onedrive\documentos\documents uni\zork\release\zork.tlog\zork.write.1u.tlog
